SF:lib\main.dart
DA:7,0
DA:8,0
DA:12,2
DA:14,1
DA:16,1
DA:17,1
DA:23,2
DA:25,1
DA:26,1
DA:37,1
DA:39,1
DA:40,1
DA:41,1
DA:42,1
DA:54,1
DA:56,1
DA:58,1
DA:61,1
DA:62,1
DA:63,1
DA:73,1
DA:75,1
DA:76,0
DA:77,0
DA:78,0
DA:79,0
DA:80,0
DA:81,0
DA:83,0
DA:84,0
DA:86,0
DA:87,0
DA:88,0
DA:93,1
DA:94,2
DA:95,1
DA:98,1
DA:99,1
DA:100,1
DA:116,1
DA:117,1
DA:118,1
DA:120,0
DA:122,0
DA:127,1
DA:128,1
DA:129,1
DA:131,0
DA:133,0
DA:139,0
DA:140,0
DA:141,0
DA:142,0
DA:143,0
DA:145,0
DA:149,0
DA:150,0
DA:151,0
DA:152,0
DA:156,0
DA:158,0
DA:159,0
DA:160,0
DA:165,1
LF:64
LH:33
end_of_record
